2025-06-07 23:32:52,711 - __main__ - ERROR - Could not import system components: cannot import name 'Config' from 'config' (C:\Users\aruba\OneDrive\Documents\Professional Documents\Projects\Real-Time Options Volatility Surface\config\__init__.py)
2025-06-07 23:32:52,712 - __main__ - ERROR - Make sure your Week 2 system is properly set up
2025-06-07 23:32:52,720 - VolatilitySystemOrchestrator - INFO - Volatility System Orchestrator initialized
2025-06-07 23:32:52,721 - __main__ - ERROR - System error: System components not available. Check your imports.
2025-06-07 23:42:06,184 - __main__ - INFO - + Config imported successfully
2025-06-07 23:42:06,186 - __main__ - INFO - + Alpha Vantage API key configured: False
2025-06-07 23:42:06,186 - SimpleVolatilitySystem - INFO - + Discovering available components...
2025-06-07 23:42:07,483 - SimpleVolatilitySystem - INFO -   + api_client (OptionsDataClient) available
2025-06-07 23:42:07,521 - SimpleVolatilitySystem - INFO -   + data_manager (DataManager) available
2025-06-07 23:42:08,551 - SimpleVolatilitySystem - INFO -   + black_scholes (BlackScholesModel) available
2025-06-07 23:42:08,553 - SimpleVolatilitySystem - INFO -   + implied_vol (ImpliedVolatilityCalculator) available
2025-06-07 23:42:08,556 - SimpleVolatilitySystem - INFO -   + vol_surface (VolatilitySurface) available
2025-06-07 23:42:09,969 - SimpleVolatilitySystem - INFO -   + portfolio_analytics (PortfolioAnalytics) available
2025-06-07 23:42:09,973 - SimpleVolatilitySystem - INFO -   + stream_processor (StreamProcessor) available
2025-06-07 23:42:09,974 - SimpleVolatilitySystem - INFO - Available components: 7/7
2025-06-07 23:42:09,974 - SimpleVolatilitySystem - INFO - Running comprehensive system test...
2025-06-07 23:42:09,974 - SimpleVolatilitySystem - INFO - ==================================================
2025-06-07 23:42:09,974 - SimpleVolatilitySystem - INFO - Test 1: API Client Initialization
2025-06-07 23:42:09,975 - SimpleVolatilitySystem - INFO - + API Client initialized
2025-06-07 23:42:09,975 - SimpleVolatilitySystem - INFO - 
Test 2: Pricing Models
2025-06-07 23:42:09,980 - SimpleVolatilitySystem - INFO - + Black-Scholes test: Call option price = $2.478
2025-06-07 23:42:09,980 - SimpleVolatilitySystem - INFO - 
Test 3: Data Fetching
2025-06-07 23:42:09,980 - SimpleVolatilitySystem - INFO - Testing data fetch for AAPL...
2025-06-07 23:42:10,227 - SimpleVolatilitySystem - INFO - + Current AAPL price: $190.00
2025-06-07 23:42:10,365 - SimpleVolatilitySystem - INFO - + Fetched 574 options contracts for AAPL
2025-06-07 23:42:10,365 - SimpleVolatilitySystem - INFO - 
Test 4: Volatility Surface
2025-06-07 23:42:10,452 - SimpleVolatilitySystem - INFO - + Volatility surface created successfully
2025-06-07 23:42:10,452 - SimpleVolatilitySystem - INFO - 
==================================================
2025-06-07 23:42:10,452 - SimpleVolatilitySystem - INFO - SYSTEM TEST SUMMARY
2025-06-07 23:42:10,453 - SimpleVolatilitySystem - INFO - ==================================================
2025-06-07 23:42:10,453 - SimpleVolatilitySystem - INFO -   API Client          : PASS
2025-06-07 23:42:10,453 - SimpleVolatilitySystem - INFO -   Pricing Models      : PASS
2025-06-07 23:42:10,454 - SimpleVolatilitySystem - INFO -   Data Fetching       : PASS
2025-06-07 23:42:10,454 - SimpleVolatilitySystem - INFO -   Volatility Surface  : PASS
2025-06-07 23:42:10,454 - SimpleVolatilitySystem - INFO - 
Overall: 4/4 tests passed
2025-06-07 23:42:10,454 - SimpleVolatilitySystem - INFO - System has core functionality working!
2025-06-07 23:42:10,455 - SimpleVolatilitySystem - INFO - Dashboard should work with real data
2025-06-07 23:43:11,307 - __main__ - INFO - + Config imported successfully
2025-06-07 23:43:11,308 - __main__ - INFO - + Alpha Vantage API key configured: False
2025-06-07 23:43:11,309 - SimpleVolatilitySystem - INFO - + Discovering available components...
2025-06-07 23:43:12,578 - SimpleVolatilitySystem - INFO -   + api_client (OptionsDataClient) available
2025-06-07 23:43:12,623 - SimpleVolatilitySystem - INFO -   + data_manager (DataManager) available
2025-06-07 23:43:13,465 - SimpleVolatilitySystem - INFO -   + black_scholes (BlackScholesModel) available
2025-06-07 23:43:13,467 - SimpleVolatilitySystem - INFO -   + implied_vol (ImpliedVolatilityCalculator) available
2025-06-07 23:43:13,469 - SimpleVolatilitySystem - INFO -   + vol_surface (VolatilitySurface) available
2025-06-07 23:43:14,794 - SimpleVolatilitySystem - INFO -   + portfolio_analytics (PortfolioAnalytics) available
2025-06-07 23:43:14,798 - SimpleVolatilitySystem - INFO -   + stream_processor (StreamProcessor) available
2025-06-07 23:43:14,799 - SimpleVolatilitySystem - INFO - Available components: 7/7
2025-06-07 23:43:14,800 - SimpleVolatilitySystem - ERROR - ❌ Cannot start monitoring - no API client
2025-06-07 23:57:19,317 - __main__ - INFO - + Config imported successfully
2025-06-07 23:57:19,317 - __main__ - INFO - + Alpha Vantage API key configured: True
2025-06-07 23:57:19,318 - SimpleVolatilitySystem - INFO - + Discovering available components...
2025-06-07 23:57:20,740 - SimpleVolatilitySystem - INFO -   + api_client (OptionsDataClient) available
2025-06-07 23:57:20,795 - SimpleVolatilitySystem - INFO -   + data_manager (DataManager) available
2025-06-07 23:57:21,759 - SimpleVolatilitySystem - INFO -   + black_scholes (BlackScholesModel) available
2025-06-07 23:57:21,761 - SimpleVolatilitySystem - INFO -   + implied_vol (ImpliedVolatilityCalculator) available
2025-06-07 23:57:21,764 - SimpleVolatilitySystem - INFO -   + vol_surface (VolatilitySurface) available
2025-06-07 23:57:23,064 - SimpleVolatilitySystem - INFO -   + portfolio_analytics (PortfolioAnalytics) available
2025-06-07 23:57:23,069 - SimpleVolatilitySystem - INFO -   + stream_processor (StreamProcessor) available
2025-06-07 23:57:23,069 - SimpleVolatilitySystem - INFO - Available components: 7/7
2025-06-07 23:57:23,070 - SimpleVolatilitySystem - ERROR - ❌ Cannot start monitoring - no API client
2025-06-07 23:59:36,678 - __main__ - INFO - + Config imported successfully
2025-06-07 23:59:36,679 - __main__ - INFO - + Alpha Vantage API key configured: True
2025-06-07 23:59:36,679 - SimpleVolatilitySystem - INFO - + Discovering available components...
2025-06-07 23:59:38,239 - SimpleVolatilitySystem - INFO -   + api_client (OptionsDataClient) available
2025-06-07 23:59:38,275 - SimpleVolatilitySystem - INFO -   + data_manager (DataManager) available
2025-06-07 23:59:39,252 - SimpleVolatilitySystem - INFO -   + black_scholes (BlackScholesModel) available
2025-06-07 23:59:39,253 - SimpleVolatilitySystem - INFO -   + implied_vol (ImpliedVolatilityCalculator) available
2025-06-07 23:59:39,256 - SimpleVolatilitySystem - INFO -   + vol_surface (VolatilitySurface) available
2025-06-07 23:59:40,591 - SimpleVolatilitySystem - INFO -   + portfolio_analytics (PortfolioAnalytics) available
2025-06-07 23:59:40,595 - SimpleVolatilitySystem - INFO -   + stream_processor (StreamProcessor) available
2025-06-07 23:59:40,596 - SimpleVolatilitySystem - INFO - Available components: 7/7
2025-06-07 23:59:40,596 - SimpleVolatilitySystem - ERROR - ❌ Cannot start monitoring - no API client
2025-06-08 00:02:27,332 - __main__ - INFO - + Config imported successfully
2025-06-08 00:02:27,332 - __main__ - INFO - + Alpha Vantage API key configured: True
2025-06-08 00:02:27,333 - SimpleVolatilitySystem - INFO - + Discovering available components...
2025-06-08 00:02:28,785 - SimpleVolatilitySystem - INFO -   + api_client (OptionsDataClient) available
2025-06-08 00:02:28,828 - SimpleVolatilitySystem - INFO -   + data_manager (DataManager) available
2025-06-08 00:02:29,820 - SimpleVolatilitySystem - INFO -   + black_scholes (BlackScholesModel) available
2025-06-08 00:02:29,822 - SimpleVolatilitySystem - INFO -   + implied_vol (ImpliedVolatilityCalculator) available
2025-06-08 00:02:29,825 - SimpleVolatilitySystem - INFO -   + vol_surface (VolatilitySurface) available
2025-06-08 00:02:31,255 - SimpleVolatilitySystem - INFO -   + portfolio_analytics (PortfolioAnalytics) available
2025-06-08 00:02:31,261 - SimpleVolatilitySystem - INFO -   + stream_processor (StreamProcessor) available
2025-06-08 00:02:31,261 - SimpleVolatilitySystem - INFO - Available components: 7/7
2025-06-08 00:02:31,262 - SimpleVolatilitySystem - ERROR - ❌ Cannot start monitoring - no API client
2025-06-08 00:06:10,460 - __main__ - INFO - + Config imported successfully
2025-06-08 00:06:10,461 - __main__ - INFO - + Alpha Vantage API key configured: True
2025-06-08 00:06:10,461 - SimpleVolatilitySystem - INFO - + Discovering available components...
2025-06-08 00:06:11,844 - SimpleVolatilitySystem - INFO -   + api_client (OptionsDataClient) available
2025-06-08 00:06:11,880 - SimpleVolatilitySystem - INFO -   + data_manager (DataManager) available
2025-06-08 00:06:12,795 - SimpleVolatilitySystem - INFO -   + black_scholes (BlackScholesModel) available
2025-06-08 00:06:12,796 - SimpleVolatilitySystem - INFO -   + implied_vol (ImpliedVolatilityCalculator) available
2025-06-08 00:06:12,798 - SimpleVolatilitySystem - INFO -   + vol_surface (VolatilitySurface) available
2025-06-08 00:06:14,140 - SimpleVolatilitySystem - INFO -   + portfolio_analytics (PortfolioAnalytics) available
2025-06-08 00:06:14,144 - SimpleVolatilitySystem - INFO -   + stream_processor (StreamProcessor) available
2025-06-08 00:06:14,145 - SimpleVolatilitySystem - INFO - Available components: 7/7
2025-06-08 00:06:14,145 - SimpleVolatilitySystem - INFO - Initializing API client for monitoring...
2025-06-08 00:06:14,146 - SimpleVolatilitySystem - INFO - + API Client initialized
2025-06-08 00:06:14,146 - SimpleVolatilitySystem - INFO - + Starting basic monitoring for ['AAPL']...
2025-06-08 00:06:14,146 - SimpleVolatilitySystem - INFO - Testing data fetch for AAPL...
2025-06-08 00:06:14,402 - SimpleVolatilitySystem - INFO - + Current AAPL price: $203.92
2025-06-08 00:06:14,934 - SimpleVolatilitySystem - INFO - + Fetched 2169 options contracts for AAPL
2025-06-08 00:06:14,934 - SimpleVolatilitySystem - INFO - + AAPL: Updated successfully (2169 contracts)
2025-06-08 00:06:14,935 - SimpleVolatilitySystem - INFO - Waiting 30 seconds...
2025-06-08 00:06:44,936 - SimpleVolatilitySystem - INFO - Testing data fetch for AAPL...
2025-06-08 00:06:45,054 - SimpleVolatilitySystem - INFO - + Current AAPL price: $203.92
2025-06-08 00:06:45,469 - SimpleVolatilitySystem - INFO - + Fetched 2169 options contracts for AAPL
2025-06-08 00:06:45,470 - SimpleVolatilitySystem - INFO - + AAPL: Updated successfully (2169 contracts)
2025-06-08 00:06:45,470 - SimpleVolatilitySystem - INFO - Waiting 30 seconds...
2025-06-08 00:07:15,471 - SimpleVolatilitySystem - INFO - Testing data fetch for AAPL...
2025-06-08 00:07:15,585 - SimpleVolatilitySystem - INFO - + Current AAPL price: $203.92
2025-06-08 00:07:16,019 - SimpleVolatilitySystem - INFO - + Fetched 2169 options contracts for AAPL
2025-06-08 00:07:16,020 - SimpleVolatilitySystem - INFO - + AAPL: Updated successfully (2169 contracts)
2025-06-08 00:07:16,021 - SimpleVolatilitySystem - INFO - Waiting 30 seconds...
2025-06-08 00:07:46,022 - SimpleVolatilitySystem - INFO - Testing data fetch for AAPL...
2025-06-08 00:07:46,135 - SimpleVolatilitySystem - INFO - + Current AAPL price: $203.92
2025-06-08 00:07:46,536 - SimpleVolatilitySystem - INFO - + Fetched 2169 options contracts for AAPL
2025-06-08 00:07:46,537 - SimpleVolatilitySystem - INFO - + AAPL: Updated successfully (2169 contracts)
2025-06-08 00:07:46,537 - SimpleVolatilitySystem - INFO - Waiting 30 seconds...
2025-06-08 00:08:16,538 - SimpleVolatilitySystem - INFO - Testing data fetch for AAPL...
2025-06-08 00:08:16,750 - SimpleVolatilitySystem - INFO - + Current AAPL price: $203.92
2025-06-08 00:08:17,202 - SimpleVolatilitySystem - INFO - + Fetched 2169 options contracts for AAPL
2025-06-08 00:08:17,202 - SimpleVolatilitySystem - INFO - + AAPL: Updated successfully (2169 contracts)
2025-06-08 00:08:17,203 - SimpleVolatilitySystem - INFO - Waiting 30 seconds...
2025-06-08 00:08:47,204 - SimpleVolatilitySystem - INFO - Testing data fetch for AAPL...
2025-06-08 00:08:47,370 - SimpleVolatilitySystem - INFO - + Current AAPL price: $203.92
2025-06-08 00:08:47,825 - SimpleVolatilitySystem - INFO - + Fetched 2169 options contracts for AAPL
2025-06-08 00:08:47,825 - SimpleVolatilitySystem - INFO - + AAPL: Updated successfully (2169 contracts)
2025-06-08 00:08:47,825 - SimpleVolatilitySystem - INFO - Waiting 30 seconds...
2025-06-08 00:08:51,330 - SimpleVolatilitySystem - INFO - + Monitoring stopped by user
2025-06-08 00:09:08,716 - __main__ - INFO - + Config imported successfully
2025-06-08 00:09:08,716 - __main__ - INFO - + Alpha Vantage API key configured: True
2025-06-08 00:09:08,718 - SimpleVolatilitySystem - INFO - + Discovering available components...
2025-06-08 00:09:10,129 - SimpleVolatilitySystem - INFO -   + api_client (OptionsDataClient) available
2025-06-08 00:09:10,179 - SimpleVolatilitySystem - INFO -   + data_manager (DataManager) available
2025-06-08 00:09:11,168 - SimpleVolatilitySystem - INFO -   + black_scholes (BlackScholesModel) available
2025-06-08 00:09:11,170 - SimpleVolatilitySystem - INFO -   + implied_vol (ImpliedVolatilityCalculator) available
2025-06-08 00:09:11,171 - SimpleVolatilitySystem - INFO -   + vol_surface (VolatilitySurface) available
2025-06-08 00:09:12,541 - SimpleVolatilitySystem - INFO -   + portfolio_analytics (PortfolioAnalytics) available
2025-06-08 00:09:12,554 - SimpleVolatilitySystem - INFO -   + stream_processor (StreamProcessor) available
2025-06-08 00:09:12,555 - SimpleVolatilitySystem - INFO - Available components: 7/7
2025-06-08 00:09:12,556 - SimpleVolatilitySystem - INFO - Initializing API client for monitoring...
2025-06-08 00:09:12,557 - SimpleVolatilitySystem - INFO - + API Client initialized
2025-06-08 00:09:12,557 - SimpleVolatilitySystem - INFO - + Starting basic monitoring for ['AAPL']...
2025-06-08 00:09:12,558 - SimpleVolatilitySystem - INFO - Testing data fetch for AAPL...
2025-06-08 00:09:12,667 - SimpleVolatilitySystem - INFO - + Current AAPL price: $203.92
2025-06-08 00:09:13,106 - SimpleVolatilitySystem - INFO - + Fetched 2169 options contracts for AAPL
2025-06-08 00:09:13,107 - SimpleVolatilitySystem - INFO - + AAPL: Updated successfully (2169 contracts)
2025-06-08 00:09:13,107 - SimpleVolatilitySystem - INFO - Waiting 30 seconds...
2025-06-08 00:09:43,109 - SimpleVolatilitySystem - INFO - Testing data fetch for AAPL...
2025-06-08 00:09:43,328 - SimpleVolatilitySystem - INFO - + Current AAPL price: $203.92
2025-06-08 00:09:43,804 - SimpleVolatilitySystem - INFO - + Fetched 2169 options contracts for AAPL
2025-06-08 00:09:43,805 - SimpleVolatilitySystem - INFO - + AAPL: Updated successfully (2169 contracts)
2025-06-08 00:09:43,806 - SimpleVolatilitySystem - INFO - Waiting 30 seconds...
2025-06-08 00:10:13,807 - SimpleVolatilitySystem - INFO - Testing data fetch for AAPL...
2025-06-08 00:10:14,498 - SimpleVolatilitySystem - INFO - + Current AAPL price: $203.92
2025-06-08 00:10:14,976 - SimpleVolatilitySystem - INFO - + Fetched 2169 options contracts for AAPL
2025-06-08 00:10:14,977 - SimpleVolatilitySystem - INFO - + AAPL: Updated successfully (2169 contracts)
2025-06-08 00:10:14,978 - SimpleVolatilitySystem - INFO - Waiting 30 seconds...
2025-06-08 00:10:44,979 - SimpleVolatilitySystem - INFO - Testing data fetch for AAPL...
2025-06-08 00:10:45,162 - SimpleVolatilitySystem - INFO - + Current AAPL price: $203.92
2025-06-08 00:10:45,630 - SimpleVolatilitySystem - INFO - + Fetched 2169 options contracts for AAPL
2025-06-08 00:10:45,631 - SimpleVolatilitySystem - INFO - + AAPL: Updated successfully (2169 contracts)
2025-06-08 00:10:45,632 - SimpleVolatilitySystem - INFO - Waiting 30 seconds...
2025-06-08 00:11:14,349 - SimpleVolatilitySystem - INFO - + Monitoring stopped by user
2025-06-08 00:21:56,485 - __main__ - INFO - + Config imported successfully
2025-06-08 00:21:56,486 - __main__ - INFO - + Alpha Vantage API key configured: True
2025-06-08 00:21:56,486 - SimpleVolatilitySystem - INFO - + Discovering available components...
2025-06-08 00:21:57,904 - SimpleVolatilitySystem - INFO -   + api_client (OptionsDataClient) available
2025-06-08 00:21:57,943 - SimpleVolatilitySystem - INFO -   + data_manager (DataManager) available
2025-06-08 00:21:58,893 - SimpleVolatilitySystem - INFO -   + black_scholes (BlackScholesModel) available
2025-06-08 00:21:58,894 - SimpleVolatilitySystem - INFO -   + implied_vol (ImpliedVolatilityCalculator) available
2025-06-08 00:21:58,897 - SimpleVolatilitySystem - INFO -   + vol_surface (VolatilitySurface) available
2025-06-08 00:22:00,351 - SimpleVolatilitySystem - INFO -   + portfolio_analytics (PortfolioAnalytics) available
2025-06-08 00:22:00,355 - SimpleVolatilitySystem - INFO -   + stream_processor (StreamProcessor) available
2025-06-08 00:22:00,356 - SimpleVolatilitySystem - INFO - Available components: 7/7
2025-06-08 00:22:00,356 - SimpleVolatilitySystem - INFO - Initializing API client for monitoring...
2025-06-08 00:22:00,356 - SimpleVolatilitySystem - INFO - + API Client initialized
2025-06-08 00:22:00,357 - SimpleVolatilitySystem - INFO - + Starting basic monitoring for ['AAPL']...
2025-06-08 00:22:00,357 - SimpleVolatilitySystem - INFO - Testing data fetch for AAPL...
2025-06-08 00:22:00,619 - SimpleVolatilitySystem - INFO - + Current AAPL price: $203.92
2025-06-08 00:22:01,076 - SimpleVolatilitySystem - INFO - + Fetched 2169 options contracts for AAPL
2025-06-08 00:22:01,077 - SimpleVolatilitySystem - INFO - + AAPL: Updated successfully (2169 contracts)
2025-06-08 00:22:01,077 - SimpleVolatilitySystem - INFO - Waiting 30 seconds...
2025-06-08 00:22:31,079 - SimpleVolatilitySystem - INFO - Testing data fetch for AAPL...
2025-06-08 00:22:31,190 - SimpleVolatilitySystem - INFO - + Current AAPL price: $203.92
2025-06-08 00:22:31,629 - SimpleVolatilitySystem - INFO - + Fetched 2169 options contracts for AAPL
2025-06-08 00:22:31,630 - SimpleVolatilitySystem - INFO - + AAPL: Updated successfully (2169 contracts)
2025-06-08 00:22:31,630 - SimpleVolatilitySystem - INFO - Waiting 30 seconds...
2025-06-08 00:23:01,632 - SimpleVolatilitySystem - INFO - Testing data fetch for AAPL...
2025-06-08 00:23:01,741 - SimpleVolatilitySystem - INFO - + Current AAPL price: $203.92
2025-06-08 00:23:02,184 - SimpleVolatilitySystem - INFO - + Fetched 2169 options contracts for AAPL
2025-06-08 00:23:02,184 - SimpleVolatilitySystem - INFO - + AAPL: Updated successfully (2169 contracts)
2025-06-08 00:23:02,185 - SimpleVolatilitySystem - INFO - Waiting 30 seconds...
2025-06-08 00:23:32,185 - SimpleVolatilitySystem - INFO - Testing data fetch for AAPL...
2025-06-08 00:23:32,281 - SimpleVolatilitySystem - INFO - + Current AAPL price: $190.00
2025-06-08 00:23:32,390 - SimpleVolatilitySystem - INFO - + Fetched 574 options contracts for AAPL
2025-06-08 00:23:32,391 - SimpleVolatilitySystem - INFO - + AAPL: Updated successfully (574 contracts)
2025-06-08 00:23:32,391 - SimpleVolatilitySystem - INFO - Waiting 30 seconds...
2025-06-08 00:24:02,392 - SimpleVolatilitySystem - INFO - Testing data fetch for AAPL...
2025-06-08 00:24:02,495 - SimpleVolatilitySystem - INFO - + Current AAPL price: $190.00
2025-06-08 00:24:02,639 - SimpleVolatilitySystem - INFO - + Fetched 574 options contracts for AAPL
2025-06-08 00:24:02,640 - SimpleVolatilitySystem - INFO - + AAPL: Updated successfully (574 contracts)
2025-06-08 00:24:02,641 - SimpleVolatilitySystem - INFO - Waiting 30 seconds...
2025-06-08 00:24:32,642 - SimpleVolatilitySystem - INFO - Testing data fetch for AAPL...
2025-06-08 00:24:32,754 - SimpleVolatilitySystem - INFO - + Current AAPL price: $190.00
2025-06-08 00:24:32,882 - SimpleVolatilitySystem - INFO - + Fetched 574 options contracts for AAPL
2025-06-08 00:24:32,884 - SimpleVolatilitySystem - INFO - + AAPL: Updated successfully (574 contracts)
2025-06-08 00:24:32,884 - SimpleVolatilitySystem - INFO - Waiting 30 seconds...
2025-06-08 00:25:02,886 - SimpleVolatilitySystem - INFO - Testing data fetch for AAPL...
2025-06-08 00:25:03,008 - SimpleVolatilitySystem - INFO - + Current AAPL price: $190.00
2025-06-08 00:25:03,140 - SimpleVolatilitySystem - INFO - + Fetched 574 options contracts for AAPL
2025-06-08 00:25:03,140 - SimpleVolatilitySystem - INFO - + AAPL: Updated successfully (574 contracts)
2025-06-08 00:25:03,141 - SimpleVolatilitySystem - INFO - Waiting 30 seconds...
2025-06-08 00:25:05,918 - SimpleVolatilitySystem - INFO - + Monitoring stopped by user
2025-06-09 19:27:24,086 - __main__ - INFO - + Config imported successfully
2025-06-09 19:27:24,087 - __main__ - INFO - + Alpha Vantage API key configured: True
2025-06-09 19:27:24,087 - SimpleVolatilitySystem - INFO - + Discovering available components...
2025-06-09 19:27:31,213 - SimpleVolatilitySystem - INFO -   + api_client (OptionsDataClient) available
2025-06-09 19:27:31,283 - SimpleVolatilitySystem - INFO -   + data_manager (DataManager) available
2025-06-09 19:27:41,302 - SimpleVolatilitySystem - INFO -   + black_scholes (BlackScholesModel) available
2025-06-09 19:27:41,304 - SimpleVolatilitySystem - INFO -   + implied_vol (ImpliedVolatilityCalculator) available
2025-06-09 19:27:41,309 - SimpleVolatilitySystem - INFO -   + vol_surface (VolatilitySurface) available
2025-06-09 19:27:44,096 - SimpleVolatilitySystem - INFO -   + portfolio_analytics (PortfolioAnalytics) available
2025-06-09 19:27:44,100 - SimpleVolatilitySystem - INFO -   + stream_processor (StreamProcessor) available
2025-06-09 19:27:44,100 - SimpleVolatilitySystem - INFO - Available components: 7/7
2025-06-09 19:27:44,102 - SimpleVolatilitySystem - INFO - Initializing API client for monitoring...
2025-06-09 19:27:44,102 - SimpleVolatilitySystem - INFO - + API Client initialized
2025-06-09 19:27:44,102 - SimpleVolatilitySystem - INFO - + Starting basic monitoring for ['AAPL']...
2025-06-09 19:27:44,102 - SimpleVolatilitySystem - INFO - Testing data fetch for AAPL...
2025-06-09 19:27:44,423 - SimpleVolatilitySystem - INFO - + Current AAPL price: $201.45
2025-06-09 19:27:44,942 - SimpleVolatilitySystem - INFO - + Fetched 2169 options contracts for AAPL
2025-06-09 19:27:44,942 - SimpleVolatilitySystem - INFO - + AAPL: Updated successfully (2169 contracts)
2025-06-09 19:27:44,942 - SimpleVolatilitySystem - INFO - Waiting 30 seconds...
2025-06-09 19:28:14,943 - SimpleVolatilitySystem - INFO - Testing data fetch for AAPL...
2025-06-09 19:28:15,114 - SimpleVolatilitySystem - INFO - + Current AAPL price: $201.45
2025-06-09 19:28:15,553 - SimpleVolatilitySystem - INFO - + Fetched 2169 options contracts for AAPL
2025-06-09 19:28:15,553 - SimpleVolatilitySystem - INFO - + AAPL: Updated successfully (2169 contracts)
2025-06-09 19:28:15,554 - SimpleVolatilitySystem - INFO - Waiting 30 seconds...
2025-06-09 19:28:45,555 - SimpleVolatilitySystem - INFO - Testing data fetch for AAPL...
2025-06-09 19:28:45,800 - SimpleVolatilitySystem - INFO - + Current AAPL price: $201.45
2025-06-09 19:28:46,354 - SimpleVolatilitySystem - INFO - + Fetched 2169 options contracts for AAPL
2025-06-09 19:28:46,355 - SimpleVolatilitySystem - INFO - + AAPL: Updated successfully (2169 contracts)
2025-06-09 19:28:46,355 - SimpleVolatilitySystem - INFO - Waiting 30 seconds...
2025-06-09 19:29:05,815 - SimpleVolatilitySystem - INFO - + Monitoring stopped by user
2025-06-09 23:17:45,625 - __main__ - INFO - + Config imported successfully
2025-06-09 23:17:45,626 - __main__ - INFO - + Alpha Vantage API key configured: True
2025-06-09 23:17:45,626 - SimpleVolatilitySystem - INFO - + Discovering available components...
2025-06-09 23:17:46,978 - SimpleVolatilitySystem - INFO -   + api_client (OptionsDataClient) available
2025-06-09 23:17:47,017 - SimpleVolatilitySystem - INFO -   + data_manager (DataManager) available
2025-06-09 23:17:48,054 - SimpleVolatilitySystem - INFO -   + black_scholes (BlackScholesModel) available
2025-06-09 23:17:48,056 - SimpleVolatilitySystem - INFO -   + implied_vol (ImpliedVolatilityCalculator) available
2025-06-09 23:17:48,059 - SimpleVolatilitySystem - INFO -   + vol_surface (VolatilitySurface) available
2025-06-09 23:17:49,286 - SimpleVolatilitySystem - INFO -   + portfolio_analytics (PortfolioAnalytics) available
2025-06-09 23:17:49,289 - SimpleVolatilitySystem - INFO -   + stream_processor (StreamProcessor) available
2025-06-09 23:17:49,289 - SimpleVolatilitySystem - INFO - Available components: 7/7
2025-06-09 23:17:49,290 - SimpleVolatilitySystem - INFO - Initializing API client for monitoring...
2025-06-09 23:17:49,290 - SimpleVolatilitySystem - INFO - + API Client initialized
2025-06-09 23:17:49,290 - SimpleVolatilitySystem - INFO - + Starting basic monitoring for ['AAPL']...
2025-06-09 23:17:49,290 - SimpleVolatilitySystem - INFO - Testing data fetch for AAPL...
2025-06-09 23:17:49,411 - SimpleVolatilitySystem - INFO - + Current AAPL price: $201.45
2025-06-09 23:17:49,856 - SimpleVolatilitySystem - INFO - + Fetched 2170 options contracts for AAPL
2025-06-09 23:17:49,856 - SimpleVolatilitySystem - INFO - + AAPL: Updated successfully (2170 contracts)
2025-06-09 23:17:49,856 - SimpleVolatilitySystem - INFO - Waiting 30 seconds...
2025-06-09 23:18:19,858 - SimpleVolatilitySystem - INFO - Testing data fetch for AAPL...
2025-06-09 23:18:19,980 - SimpleVolatilitySystem - INFO - + Current AAPL price: $201.45
2025-06-09 23:18:20,430 - SimpleVolatilitySystem - INFO - + Fetched 2170 options contracts for AAPL
2025-06-09 23:18:20,431 - SimpleVolatilitySystem - INFO - + AAPL: Updated successfully (2170 contracts)
2025-06-09 23:18:20,431 - SimpleVolatilitySystem - INFO - Waiting 30 seconds...
2025-06-09 23:18:37,755 - SimpleVolatilitySystem - INFO - + Monitoring stopped by user
2025-06-09 23:21:59,695 - __main__ - INFO - + Config imported successfully
2025-06-09 23:21:59,696 - __main__ - INFO - + Alpha Vantage API key configured: True
2025-06-09 23:21:59,696 - SimpleVolatilitySystem - INFO - + Discovering available components...
2025-06-09 23:22:01,087 - SimpleVolatilitySystem - INFO -   + api_client (OptionsDataClient) available
2025-06-09 23:22:01,133 - SimpleVolatilitySystem - INFO -   + data_manager (DataManager) available
2025-06-09 23:22:02,146 - SimpleVolatilitySystem - INFO -   + black_scholes (BlackScholesModel) available
2025-06-09 23:22:02,149 - SimpleVolatilitySystem - INFO -   + implied_vol (ImpliedVolatilityCalculator) available
2025-06-09 23:22:02,152 - SimpleVolatilitySystem - INFO -   + vol_surface (VolatilitySurface) available
2025-06-09 23:22:03,668 - SimpleVolatilitySystem - INFO -   + portfolio_analytics (PortfolioAnalytics) available
2025-06-09 23:22:03,672 - SimpleVolatilitySystem - INFO -   + stream_processor (StreamProcessor) available
2025-06-09 23:22:03,672 - SimpleVolatilitySystem - INFO - Available components: 7/7
2025-06-09 23:22:03,673 - SimpleVolatilitySystem - INFO - Initializing API client for monitoring...
2025-06-09 23:22:03,673 - SimpleVolatilitySystem - INFO - + API Client initialized
2025-06-09 23:22:03,673 - SimpleVolatilitySystem - INFO - + Starting basic monitoring for ['AAPL']...
2025-06-09 23:22:03,674 - SimpleVolatilitySystem - INFO - Testing data fetch for AAPL...
2025-06-09 23:22:03,980 - SimpleVolatilitySystem - INFO - + Current AAPL price: $201.45
2025-06-09 23:22:04,422 - SimpleVolatilitySystem - INFO - + Fetched 2170 options contracts for AAPL
2025-06-09 23:22:04,423 - SimpleVolatilitySystem - INFO - + AAPL: Updated successfully (2170 contracts)
2025-06-09 23:22:04,423 - SimpleVolatilitySystem - INFO - Waiting 30 seconds...
2025-06-09 23:22:34,424 - SimpleVolatilitySystem - INFO - Testing data fetch for AAPL...
2025-06-09 23:22:34,596 - SimpleVolatilitySystem - INFO - + Current AAPL price: $201.45
2025-06-09 23:22:35,063 - SimpleVolatilitySystem - INFO - + Fetched 2170 options contracts for AAPL
2025-06-09 23:22:35,065 - SimpleVolatilitySystem - INFO - + AAPL: Updated successfully (2170 contracts)
2025-06-09 23:22:35,066 - SimpleVolatilitySystem - INFO - Waiting 30 seconds...
2025-06-09 23:23:05,067 - SimpleVolatilitySystem - INFO - Testing data fetch for AAPL...
2025-06-09 23:23:05,498 - SimpleVolatilitySystem - INFO - + Current AAPL price: $201.45
2025-06-09 23:23:06,336 - SimpleVolatilitySystem - INFO - + Fetched 2170 options contracts for AAPL
2025-06-09 23:23:06,337 - SimpleVolatilitySystem - INFO - + AAPL: Updated successfully (2170 contracts)
2025-06-09 23:23:06,338 - SimpleVolatilitySystem - INFO - Waiting 30 seconds...
2025-06-09 23:23:09,179 - SimpleVolatilitySystem - INFO - + Monitoring stopped by user
2025-06-09 23:27:29,656 - __main__ - INFO - + Config imported successfully
2025-06-09 23:27:29,657 - __main__ - INFO - + Alpha Vantage API key configured: True
2025-06-09 23:27:29,657 - SimpleVolatilitySystem - INFO - + Discovering available components...
2025-06-09 23:27:31,125 - SimpleVolatilitySystem - INFO -   + api_client (OptionsDataClient) available
2025-06-09 23:27:31,166 - SimpleVolatilitySystem - INFO -   + data_manager (DataManager) available
2025-06-09 23:27:32,104 - SimpleVolatilitySystem - INFO -   + black_scholes (BlackScholesModel) available
2025-06-09 23:27:32,105 - SimpleVolatilitySystem - INFO -   + implied_vol (ImpliedVolatilityCalculator) available
2025-06-09 23:27:32,108 - SimpleVolatilitySystem - INFO -   + vol_surface (VolatilitySurface) available
2025-06-09 23:27:33,485 - SimpleVolatilitySystem - INFO -   + portfolio_analytics (PortfolioAnalytics) available
2025-06-09 23:27:33,490 - SimpleVolatilitySystem - INFO -   + stream_processor (StreamProcessor) available
2025-06-09 23:27:33,491 - SimpleVolatilitySystem - INFO - Available components: 7/7
2025-06-09 23:27:33,492 - SimpleVolatilitySystem - INFO - Initializing API client for monitoring...
2025-06-09 23:27:33,493 - SimpleVolatilitySystem - INFO - + API Client initialized
2025-06-09 23:27:33,493 - SimpleVolatilitySystem - INFO - + Starting basic monitoring for ['AAPL']...
2025-06-09 23:27:33,493 - SimpleVolatilitySystem - INFO - Testing data fetch for AAPL...
2025-06-09 23:27:33,617 - SimpleVolatilitySystem - INFO - + Current AAPL price: $201.45
2025-06-09 23:27:34,051 - SimpleVolatilitySystem - INFO - + Fetched 2170 options contracts for AAPL
2025-06-09 23:27:34,052 - SimpleVolatilitySystem - INFO - + AAPL: Updated successfully (2170 contracts)
2025-06-09 23:27:34,052 - SimpleVolatilitySystem - INFO - Waiting 30 seconds...
2025-06-09 23:28:04,054 - SimpleVolatilitySystem - INFO - Testing data fetch for AAPL...
2025-06-09 23:28:04,173 - SimpleVolatilitySystem - INFO - + Current AAPL price: $201.45
2025-06-09 23:28:04,628 - SimpleVolatilitySystem - INFO - + Fetched 2170 options contracts for AAPL
2025-06-09 23:28:04,629 - SimpleVolatilitySystem - INFO - + AAPL: Updated successfully (2170 contracts)
2025-06-09 23:28:04,630 - SimpleVolatilitySystem - INFO - Waiting 30 seconds...
2025-06-09 23:28:34,631 - SimpleVolatilitySystem - INFO - Testing data fetch for AAPL...
2025-06-09 23:28:34,757 - SimpleVolatilitySystem - INFO - + Current AAPL price: $201.45
2025-06-09 23:28:34,892 - SimpleVolatilitySystem - INFO - + Fetched 574 options contracts for AAPL
2025-06-09 23:28:34,893 - SimpleVolatilitySystem - INFO - + AAPL: Updated successfully (574 contracts)
2025-06-09 23:28:34,893 - SimpleVolatilitySystem - INFO - Waiting 30 seconds...
2025-06-09 23:28:42,115 - SimpleVolatilitySystem - INFO - + Monitoring stopped by user
2025-06-11 20:25:21,977 - __main__ - INFO - + Config imported successfully
2025-06-11 20:25:21,977 - __main__ - INFO - + Alpha Vantage API key configured: True
2025-06-11 20:25:21,977 - SimpleVolatilitySystem - INFO - + Discovering available components...
2025-06-11 20:25:33,534 - SimpleVolatilitySystem - INFO -   + api_client (OptionsDataClient) available
2025-06-11 20:25:33,598 - SimpleVolatilitySystem - INFO -   + data_manager (DataManager) available
2025-06-11 20:25:46,310 - SimpleVolatilitySystem - INFO -   + black_scholes (BlackScholesModel) available
2025-06-11 20:25:46,310 - SimpleVolatilitySystem - INFO -   + implied_vol (ImpliedVolatilityCalculator) available
2025-06-11 20:25:46,326 - SimpleVolatilitySystem - INFO -   + vol_surface (VolatilitySurface) available
2025-06-11 20:25:50,536 - SimpleVolatilitySystem - INFO -   + portfolio_analytics (PortfolioAnalytics) available
2025-06-11 20:25:50,552 - SimpleVolatilitySystem - INFO -   + stream_processor (StreamProcessor) available
2025-06-11 20:25:50,552 - SimpleVolatilitySystem - INFO - Available components: 7/7
2025-06-11 20:25:50,552 - SimpleVolatilitySystem - INFO - Initializing API client for monitoring...
2025-06-11 20:25:50,552 - SimpleVolatilitySystem - INFO - + API Client initialized
2025-06-11 20:25:50,552 - SimpleVolatilitySystem - INFO - + Starting basic monitoring for ['AAPL']...
2025-06-11 20:25:50,552 - SimpleVolatilitySystem - INFO - Testing data fetch for AAPL...
2025-06-11 20:25:51,164 - SimpleVolatilitySystem - INFO - + Current AAPL price: $198.78
2025-06-11 20:25:52,031 - SimpleVolatilitySystem - INFO - + Fetched 2192 options contracts for AAPL
2025-06-11 20:25:52,031 - SimpleVolatilitySystem - INFO - + AAPL: Updated successfully (2192 contracts)
2025-06-11 20:25:52,031 - SimpleVolatilitySystem - INFO - Waiting 30 seconds...
2025-06-11 20:26:22,039 - SimpleVolatilitySystem - INFO - Testing data fetch for AAPL...
2025-06-11 20:26:22,239 - SimpleVolatilitySystem - INFO - + Current AAPL price: $198.78
2025-06-11 20:26:22,777 - SimpleVolatilitySystem - INFO - + Fetched 2192 options contracts for AAPL
2025-06-11 20:26:22,786 - SimpleVolatilitySystem - INFO - + AAPL: Updated successfully (2192 contracts)
2025-06-11 20:26:22,786 - SimpleVolatilitySystem - INFO - Waiting 30 seconds...
2025-06-11 20:26:52,787 - SimpleVolatilitySystem - INFO - Testing data fetch for AAPL...
2025-06-11 20:26:52,912 - SimpleVolatilitySystem - INFO - + Current AAPL price: $198.78
2025-06-11 20:26:53,593 - SimpleVolatilitySystem - INFO - + Fetched 2192 options contracts for AAPL
2025-06-11 20:26:53,649 - SimpleVolatilitySystem - INFO - + AAPL: Updated successfully (2192 contracts)
2025-06-11 20:26:53,659 - SimpleVolatilitySystem - INFO - Waiting 30 seconds...
2025-06-11 20:27:23,668 - SimpleVolatilitySystem - INFO - Testing data fetch for AAPL...
2025-06-11 20:27:23,821 - SimpleVolatilitySystem - INFO - + Current AAPL price: $198.78
2025-06-11 20:27:24,708 - SimpleVolatilitySystem - INFO - + Fetched 2192 options contracts for AAPL
2025-06-11 20:27:24,708 - SimpleVolatilitySystem - INFO - + AAPL: Updated successfully (2192 contracts)
2025-06-11 20:27:24,713 - SimpleVolatilitySystem - INFO - Waiting 30 seconds...
2025-06-11 20:27:54,714 - SimpleVolatilitySystem - INFO - Testing data fetch for AAPL...
2025-06-11 20:27:54,818 - SimpleVolatilitySystem - INFO - + Current AAPL price: $198.78
2025-06-11 20:27:55,413 - SimpleVolatilitySystem - INFO - + Fetched 2192 options contracts for AAPL
2025-06-11 20:27:55,420 - SimpleVolatilitySystem - INFO - + AAPL: Updated successfully (2192 contracts)
2025-06-11 20:27:55,421 - SimpleVolatilitySystem - INFO - Waiting 30 seconds...
2025-06-11 20:28:25,423 - SimpleVolatilitySystem - INFO - Testing data fetch for AAPL...
2025-06-11 20:28:25,640 - SimpleVolatilitySystem - INFO - + Current AAPL price: $198.78
2025-06-11 20:28:26,189 - SimpleVolatilitySystem - INFO - + Fetched 2192 options contracts for AAPL
2025-06-11 20:28:26,224 - SimpleVolatilitySystem - INFO - + AAPL: Updated successfully (2192 contracts)
2025-06-11 20:28:26,246 - SimpleVolatilitySystem - INFO - Waiting 30 seconds...
2025-06-11 20:28:56,249 - SimpleVolatilitySystem - INFO - Testing data fetch for AAPL...
2025-06-11 20:28:56,492 - SimpleVolatilitySystem - INFO - + Current AAPL price: $198.78
2025-06-11 20:28:57,095 - SimpleVolatilitySystem - INFO - + Fetched 2192 options contracts for AAPL
2025-06-11 20:28:57,095 - SimpleVolatilitySystem - INFO - + AAPL: Updated successfully (2192 contracts)
2025-06-11 20:28:57,095 - SimpleVolatilitySystem - INFO - Waiting 30 seconds...
2025-06-11 20:29:27,099 - SimpleVolatilitySystem - INFO - Testing data fetch for AAPL...
2025-06-11 20:29:27,936 - SimpleVolatilitySystem - INFO - + Current AAPL price: $198.78
2025-06-11 20:29:28,601 - SimpleVolatilitySystem - INFO - + Fetched 2192 options contracts for AAPL
2025-06-11 20:29:28,601 - SimpleVolatilitySystem - INFO - + AAPL: Updated successfully (2192 contracts)
2025-06-11 20:29:28,601 - SimpleVolatilitySystem - INFO - Waiting 30 seconds...
2025-06-11 20:29:58,607 - SimpleVolatilitySystem - INFO - Testing data fetch for AAPL...
2025-06-11 20:29:58,817 - SimpleVolatilitySystem - INFO - + Current AAPL price: $198.78
2025-06-11 20:29:59,487 - SimpleVolatilitySystem - INFO - + Fetched 2192 options contracts for AAPL
2025-06-11 20:29:59,487 - SimpleVolatilitySystem - INFO - + AAPL: Updated successfully (2192 contracts)
2025-06-11 20:29:59,487 - SimpleVolatilitySystem - INFO - Waiting 30 seconds...
2025-06-11 20:30:29,494 - SimpleVolatilitySystem - INFO - Testing data fetch for AAPL...
2025-06-11 20:30:29,750 - SimpleVolatilitySystem - INFO - + Current AAPL price: $198.78
2025-06-11 20:30:30,362 - SimpleVolatilitySystem - INFO - + Fetched 2192 options contracts for AAPL
2025-06-11 20:30:30,362 - SimpleVolatilitySystem - INFO - + AAPL: Updated successfully (2192 contracts)
2025-06-11 20:30:30,362 - SimpleVolatilitySystem - INFO - Waiting 30 seconds...
2025-06-11 20:31:00,367 - SimpleVolatilitySystem - INFO - Testing data fetch for AAPL...
2025-06-11 20:31:00,583 - SimpleVolatilitySystem - INFO - + Current AAPL price: $198.78
2025-06-11 20:31:01,170 - SimpleVolatilitySystem - INFO - + Fetched 2192 options contracts for AAPL
2025-06-11 20:31:01,170 - SimpleVolatilitySystem - INFO - + AAPL: Updated successfully (2192 contracts)
2025-06-11 20:31:01,170 - SimpleVolatilitySystem - INFO - Waiting 30 seconds...
2025-06-11 20:31:31,175 - SimpleVolatilitySystem - INFO - Testing data fetch for AAPL...
2025-06-11 20:31:31,323 - SimpleVolatilitySystem - INFO - + Current AAPL price: $198.78
2025-06-11 20:31:31,863 - SimpleVolatilitySystem - INFO - + Fetched 2192 options contracts for AAPL
2025-06-11 20:31:31,863 - SimpleVolatilitySystem - INFO - + AAPL: Updated successfully (2192 contracts)
2025-06-11 20:31:31,863 - SimpleVolatilitySystem - INFO - Waiting 30 seconds...
2025-06-11 20:32:01,873 - SimpleVolatilitySystem - INFO - Testing data fetch for AAPL...
2025-06-11 20:32:02,091 - SimpleVolatilitySystem - INFO - + Current AAPL price: $198.78
2025-06-11 20:32:02,758 - SimpleVolatilitySystem - INFO - + Fetched 2192 options contracts for AAPL
2025-06-11 20:32:02,758 - SimpleVolatilitySystem - INFO - + AAPL: Updated successfully (2192 contracts)
2025-06-11 20:32:02,761 - SimpleVolatilitySystem - INFO - Waiting 30 seconds...
2025-06-11 20:32:32,765 - SimpleVolatilitySystem - INFO - Testing data fetch for AAPL...
2025-06-11 20:32:32,998 - SimpleVolatilitySystem - INFO - + Current AAPL price: $190.00
2025-06-11 20:32:33,263 - SimpleVolatilitySystem - INFO - + Fetched 574 options contracts for AAPL
2025-06-11 20:32:33,263 - SimpleVolatilitySystem - INFO - + AAPL: Updated successfully (574 contracts)
2025-06-11 20:32:33,263 - SimpleVolatilitySystem - INFO - Waiting 30 seconds...
2025-06-11 20:33:03,271 - SimpleVolatilitySystem - INFO - Testing data fetch for AAPL...
2025-06-11 20:33:03,487 - SimpleVolatilitySystem - INFO - + Current AAPL price: $190.00
2025-06-11 20:33:03,712 - SimpleVolatilitySystem - INFO - + Fetched 574 options contracts for AAPL
2025-06-11 20:33:03,712 - SimpleVolatilitySystem - INFO - + AAPL: Updated successfully (574 contracts)
2025-06-11 20:33:03,712 - SimpleVolatilitySystem - INFO - Waiting 30 seconds...
2025-06-11 20:33:33,718 - SimpleVolatilitySystem - INFO - Testing data fetch for AAPL...
2025-06-11 20:33:33,959 - SimpleVolatilitySystem - INFO - + Current AAPL price: $190.00
2025-06-11 20:33:34,142 - SimpleVolatilitySystem - INFO - + Fetched 574 options contracts for AAPL
2025-06-11 20:33:34,142 - SimpleVolatilitySystem - INFO - + AAPL: Updated successfully (574 contracts)
2025-06-11 20:33:34,142 - SimpleVolatilitySystem - INFO - Waiting 30 seconds...
2025-06-11 20:34:04,146 - SimpleVolatilitySystem - INFO - Testing data fetch for AAPL...
2025-06-11 20:34:04,401 - SimpleVolatilitySystem - INFO - + Current AAPL price: $190.00
2025-06-11 20:34:04,755 - SimpleVolatilitySystem - INFO - + Fetched 574 options contracts for AAPL
2025-06-11 20:34:04,755 - SimpleVolatilitySystem - INFO - + AAPL: Updated successfully (574 contracts)
2025-06-11 20:34:04,755 - SimpleVolatilitySystem - INFO - Waiting 30 seconds...
2025-06-11 20:34:34,760 - SimpleVolatilitySystem - INFO - Testing data fetch for AAPL...
2025-06-11 20:34:34,918 - SimpleVolatilitySystem - INFO - + Current AAPL price: $190.00
2025-06-11 20:34:35,169 - SimpleVolatilitySystem - INFO - + Fetched 574 options contracts for AAPL
2025-06-11 20:34:35,169 - SimpleVolatilitySystem - INFO - + AAPL: Updated successfully (574 contracts)
2025-06-11 20:34:35,169 - SimpleVolatilitySystem - INFO - Waiting 30 seconds...
2025-06-11 20:35:05,175 - SimpleVolatilitySystem - INFO - Testing data fetch for AAPL...
2025-06-11 20:35:05,540 - SimpleVolatilitySystem - INFO - + Current AAPL price: $190.00
2025-06-11 20:35:05,690 - SimpleVolatilitySystem - INFO - + Fetched 574 options contracts for AAPL
2025-06-11 20:35:05,698 - SimpleVolatilitySystem - INFO - + AAPL: Updated successfully (574 contracts)
2025-06-11 20:35:05,698 - SimpleVolatilitySystem - INFO - Waiting 30 seconds...
2025-06-11 20:35:35,700 - SimpleVolatilitySystem - INFO - Testing data fetch for AAPL...
2025-06-11 20:35:35,953 - SimpleVolatilitySystem - INFO - + Current AAPL price: $190.00
2025-06-11 20:35:36,152 - SimpleVolatilitySystem - INFO - + Fetched 574 options contracts for AAPL
2025-06-11 20:35:36,152 - SimpleVolatilitySystem - INFO - + AAPL: Updated successfully (574 contracts)
2025-06-11 20:35:36,152 - SimpleVolatilitySystem - INFO - Waiting 30 seconds...
2025-06-11 20:36:06,156 - SimpleVolatilitySystem - INFO - Testing data fetch for AAPL...
2025-06-11 20:36:06,430 - SimpleVolatilitySystem - INFO - + Current AAPL price: $190.00
2025-06-11 20:36:08,919 - SimpleVolatilitySystem - INFO - + Fetched 574 options contracts for AAPL
2025-06-11 20:36:08,919 - SimpleVolatilitySystem - INFO - + AAPL: Updated successfully (574 contracts)
2025-06-11 20:36:08,919 - SimpleVolatilitySystem - INFO - Waiting 30 seconds...
2025-06-11 20:36:38,924 - SimpleVolatilitySystem - INFO - Testing data fetch for AAPL...
2025-06-11 20:36:39,157 - SimpleVolatilitySystem - INFO - + Current AAPL price: $190.00
2025-06-11 20:36:39,420 - SimpleVolatilitySystem - INFO - + Fetched 574 options contracts for AAPL
2025-06-11 20:36:39,420 - SimpleVolatilitySystem - INFO - + AAPL: Updated successfully (574 contracts)
2025-06-11 20:36:39,420 - SimpleVolatilitySystem - INFO - Waiting 30 seconds...
2025-06-11 20:37:09,423 - SimpleVolatilitySystem - INFO - Testing data fetch for AAPL...
2025-06-11 20:37:09,750 - SimpleVolatilitySystem - INFO - + Current AAPL price: $190.00
2025-06-11 20:37:10,027 - SimpleVolatilitySystem - INFO - + Fetched 574 options contracts for AAPL
2025-06-11 20:37:10,027 - SimpleVolatilitySystem - INFO - + AAPL: Updated successfully (574 contracts)
2025-06-11 20:37:10,027 - SimpleVolatilitySystem - INFO - Waiting 30 seconds...
2025-06-11 20:37:38,951 - SimpleVolatilitySystem - INFO - + Monitoring stopped by user
2025-06-11 20:40:58,425 - __main__ - INFO - + Config imported successfully
2025-06-11 20:40:58,425 - __main__ - INFO - + Alpha Vantage API key configured: True
2025-06-11 20:40:58,425 - SimpleVolatilitySystem - INFO - + Discovering available components...
2025-06-11 20:41:00,307 - SimpleVolatilitySystem - INFO -   + api_client (OptionsDataClient) available
2025-06-11 20:41:00,377 - SimpleVolatilitySystem - INFO -   + data_manager (DataManager) available
2025-06-11 20:41:01,579 - SimpleVolatilitySystem - INFO -   + black_scholes (BlackScholesModel) available
2025-06-11 20:41:01,579 - SimpleVolatilitySystem - INFO -   + implied_vol (ImpliedVolatilityCalculator) available
2025-06-11 20:41:01,594 - SimpleVolatilitySystem - INFO -   + vol_surface (VolatilitySurface) available
2025-06-11 20:41:03,545 - SimpleVolatilitySystem - INFO -   + portfolio_analytics (PortfolioAnalytics) available
2025-06-11 20:41:03,552 - SimpleVolatilitySystem - INFO -   + stream_processor (StreamProcessor) available
2025-06-11 20:41:03,552 - SimpleVolatilitySystem - INFO - Available components: 7/7
2025-06-11 20:41:03,552 - SimpleVolatilitySystem - INFO - Initializing API client for monitoring...
2025-06-11 20:41:03,555 - SimpleVolatilitySystem - INFO - + API Client initialized
2025-06-11 20:41:03,555 - SimpleVolatilitySystem - INFO - + Starting basic monitoring for ['AAPL']...
2025-06-11 20:41:03,555 - SimpleVolatilitySystem - INFO - Testing data fetch for AAPL...
2025-06-11 20:41:03,828 - SimpleVolatilitySystem - INFO - + Current AAPL price: $188.56
2025-06-11 20:41:03,953 - SimpleVolatilitySystem - INFO - + Fetched 574 options contracts for AAPL
2025-06-11 20:41:03,953 - SimpleVolatilitySystem - INFO - + AAPL: Updated successfully (574 contracts)
2025-06-11 20:41:03,953 - SimpleVolatilitySystem - INFO - Waiting 30 seconds...
2025-06-11 20:41:33,961 - SimpleVolatilitySystem - INFO - Testing data fetch for AAPL...
2025-06-11 20:41:34,241 - SimpleVolatilitySystem - INFO - + Current AAPL price: $190.01
2025-06-11 20:41:34,478 - SimpleVolatilitySystem - INFO - + Fetched 574 options contracts for AAPL
2025-06-11 20:41:34,478 - SimpleVolatilitySystem - INFO - + AAPL: Updated successfully (574 contracts)
2025-06-11 20:41:34,478 - SimpleVolatilitySystem - INFO - Waiting 30 seconds...
2025-06-11 20:42:04,484 - SimpleVolatilitySystem - INFO - Testing data fetch for AAPL...
2025-06-11 20:42:04,597 - SimpleVolatilitySystem - INFO - + Current AAPL price: $192.20
2025-06-11 20:42:04,840 - SimpleVolatilitySystem - INFO - + Fetched 574 options contracts for AAPL
2025-06-11 20:42:04,849 - SimpleVolatilitySystem - INFO - + AAPL: Updated successfully (574 contracts)
2025-06-11 20:42:04,849 - SimpleVolatilitySystem - INFO - Waiting 30 seconds...
2025-06-11 20:42:34,853 - SimpleVolatilitySystem - INFO - Testing data fetch for AAPL...
2025-06-11 20:42:34,978 - SimpleVolatilitySystem - INFO - + Current AAPL price: $189.18
2025-06-11 20:42:35,126 - SimpleVolatilitySystem - INFO - + Fetched 574 options contracts for AAPL
2025-06-11 20:42:35,126 - SimpleVolatilitySystem - INFO - + AAPL: Updated successfully (574 contracts)
2025-06-11 20:42:35,126 - SimpleVolatilitySystem - INFO - Waiting 30 seconds...
2025-06-11 20:43:05,132 - SimpleVolatilitySystem - INFO - Testing data fetch for AAPL...
2025-06-11 20:43:05,244 - SimpleVolatilitySystem - INFO - + Current AAPL price: $189.82
2025-06-11 20:43:05,375 - SimpleVolatilitySystem - INFO - + Fetched 574 options contracts for AAPL
2025-06-11 20:43:05,375 - SimpleVolatilitySystem - INFO - + AAPL: Updated successfully (574 contracts)
2025-06-11 20:43:05,375 - SimpleVolatilitySystem - INFO - Waiting 30 seconds...
2025-06-11 20:43:35,380 - SimpleVolatilitySystem - INFO - Testing data fetch for AAPL...
2025-06-11 20:43:35,687 - SimpleVolatilitySystem - INFO - + Current AAPL price: $188.48
2025-06-11 20:43:35,921 - SimpleVolatilitySystem - INFO - + Fetched 574 options contracts for AAPL
2025-06-11 20:43:35,921 - SimpleVolatilitySystem - INFO - + AAPL: Updated successfully (574 contracts)
2025-06-11 20:43:35,921 - SimpleVolatilitySystem - INFO - Waiting 30 seconds...
2025-06-11 20:44:05,923 - SimpleVolatilitySystem - INFO - Testing data fetch for AAPL...
2025-06-11 20:44:06,110 - SimpleVolatilitySystem - INFO - + Current AAPL price: $189.13
2025-06-11 20:44:06,365 - SimpleVolatilitySystem - INFO - + Fetched 574 options contracts for AAPL
2025-06-11 20:44:06,365 - SimpleVolatilitySystem - INFO - + AAPL: Updated successfully (574 contracts)
2025-06-11 20:44:06,365 - SimpleVolatilitySystem - INFO - Waiting 30 seconds...
2025-06-11 20:44:36,371 - SimpleVolatilitySystem - INFO - Testing data fetch for AAPL...
2025-06-11 20:44:36,480 - SimpleVolatilitySystem - INFO - + Current AAPL price: $189.46
2025-06-11 20:44:36,697 - SimpleVolatilitySystem - INFO - + Fetched 574 options contracts for AAPL
2025-06-11 20:44:36,698 - SimpleVolatilitySystem - INFO - + AAPL: Updated successfully (574 contracts)
2025-06-11 20:44:36,698 - SimpleVolatilitySystem - INFO - Waiting 30 seconds...
2025-06-11 20:45:06,700 - SimpleVolatilitySystem - INFO - Testing data fetch for AAPL...
2025-06-11 20:45:07,148 - SimpleVolatilitySystem - INFO - + Current AAPL price: $191.86
2025-06-11 20:45:07,398 - SimpleVolatilitySystem - INFO - + Fetched 574 options contracts for AAPL
2025-06-11 20:45:07,398 - SimpleVolatilitySystem - INFO - + AAPL: Updated successfully (574 contracts)
2025-06-11 20:45:07,398 - SimpleVolatilitySystem - INFO - Waiting 30 seconds...
2025-06-11 20:45:37,406 - SimpleVolatilitySystem - INFO - Testing data fetch for AAPL...
2025-06-11 20:45:37,648 - SimpleVolatilitySystem - INFO - + Current AAPL price: $187.53
2025-06-11 20:45:37,978 - SimpleVolatilitySystem - INFO - + Fetched 574 options contracts for AAPL
2025-06-11 20:45:37,984 - SimpleVolatilitySystem - INFO - + AAPL: Updated successfully (574 contracts)
2025-06-11 20:45:37,985 - SimpleVolatilitySystem - INFO - Waiting 30 seconds...
2025-06-11 20:46:07,986 - SimpleVolatilitySystem - INFO - Testing data fetch for AAPL...
2025-06-11 20:46:08,099 - SimpleVolatilitySystem - INFO - + Current AAPL price: $190.81
2025-06-11 20:46:08,287 - SimpleVolatilitySystem - INFO - + Fetched 574 options contracts for AAPL
2025-06-11 20:46:08,287 - SimpleVolatilitySystem - INFO - + AAPL: Updated successfully (574 contracts)
2025-06-11 20:46:08,287 - SimpleVolatilitySystem - INFO - Waiting 30 seconds...
2025-06-11 20:46:38,295 - SimpleVolatilitySystem - INFO - Testing data fetch for AAPL...
2025-06-11 20:46:38,468 - SimpleVolatilitySystem - INFO - + Current AAPL price: $191.29
2025-06-11 20:46:38,617 - SimpleVolatilitySystem - INFO - + Fetched 574 options contracts for AAPL
2025-06-11 20:46:38,618 - SimpleVolatilitySystem - INFO - + AAPL: Updated successfully (574 contracts)
2025-06-11 20:46:38,618 - SimpleVolatilitySystem - INFO - Waiting 30 seconds...
2025-06-11 20:47:08,619 - SimpleVolatilitySystem - INFO - Testing data fetch for AAPL...
2025-06-11 20:47:08,828 - SimpleVolatilitySystem - INFO - + Current AAPL price: $192.77
2025-06-11 20:47:09,044 - SimpleVolatilitySystem - INFO - + Fetched 574 options contracts for AAPL
2025-06-11 20:47:09,045 - SimpleVolatilitySystem - INFO - + AAPL: Updated successfully (574 contracts)
2025-06-11 20:47:09,045 - SimpleVolatilitySystem - INFO - Waiting 30 seconds...
2025-06-11 20:47:39,046 - SimpleVolatilitySystem - INFO - Testing data fetch for AAPL...
2025-06-11 20:47:39,431 - SimpleVolatilitySystem - INFO - + Current AAPL price: $186.09
2025-06-11 20:47:39,646 - SimpleVolatilitySystem - INFO - + Fetched 574 options contracts for AAPL
2025-06-11 20:47:39,646 - SimpleVolatilitySystem - INFO - + AAPL: Updated successfully (574 contracts)
2025-06-11 20:47:39,647 - SimpleVolatilitySystem - INFO - Waiting 30 seconds...
2025-06-11 20:48:09,649 - SimpleVolatilitySystem - INFO - Testing data fetch for AAPL...
2025-06-11 20:48:09,858 - SimpleVolatilitySystem - INFO - + Current AAPL price: $187.87
2025-06-11 20:48:10,017 - SimpleVolatilitySystem - INFO - + Fetched 574 options contracts for AAPL
2025-06-11 20:48:10,018 - SimpleVolatilitySystem - INFO - + AAPL: Updated successfully (574 contracts)
2025-06-11 20:48:10,019 - SimpleVolatilitySystem - INFO - Waiting 30 seconds...
2025-06-11 20:48:40,020 - SimpleVolatilitySystem - INFO - Testing data fetch for AAPL...
2025-06-11 20:48:40,246 - SimpleVolatilitySystem - INFO - + Current AAPL price: $187.41
2025-06-11 20:48:40,480 - SimpleVolatilitySystem - INFO - + Fetched 574 options contracts for AAPL
2025-06-11 20:48:40,481 - SimpleVolatilitySystem - INFO - + AAPL: Updated successfully (574 contracts)
2025-06-11 20:48:40,482 - SimpleVolatilitySystem - INFO - Waiting 30 seconds...
2025-06-11 20:49:10,483 - SimpleVolatilitySystem - INFO - Testing data fetch for AAPL...
2025-06-11 20:49:10,676 - SimpleVolatilitySystem - INFO - + Current AAPL price: $189.49
2025-06-11 20:49:10,830 - SimpleVolatilitySystem - INFO - + Fetched 574 options contracts for AAPL
2025-06-11 20:49:10,831 - SimpleVolatilitySystem - INFO - + AAPL: Updated successfully (574 contracts)
2025-06-11 20:49:10,831 - SimpleVolatilitySystem - INFO - Waiting 30 seconds...
2025-06-11 20:49:40,833 - SimpleVolatilitySystem - INFO - Testing data fetch for AAPL...
2025-06-11 20:49:40,989 - SimpleVolatilitySystem - INFO - + Current AAPL price: $190.34
2025-06-11 20:49:41,150 - SimpleVolatilitySystem - INFO - + Fetched 574 options contracts for AAPL
2025-06-11 20:49:41,151 - SimpleVolatilitySystem - INFO - + AAPL: Updated successfully (574 contracts)
2025-06-11 20:49:41,152 - SimpleVolatilitySystem - INFO - Waiting 30 seconds...
2025-06-11 20:50:11,153 - SimpleVolatilitySystem - INFO - Testing data fetch for AAPL...
2025-06-11 20:50:11,267 - SimpleVolatilitySystem - INFO - + Current AAPL price: $192.08
2025-06-11 20:50:11,513 - SimpleVolatilitySystem - INFO - + Fetched 574 options contracts for AAPL
2025-06-11 20:50:11,514 - SimpleVolatilitySystem - INFO - + AAPL: Updated successfully (574 contracts)
2025-06-11 20:50:11,514 - SimpleVolatilitySystem - INFO - Waiting 30 seconds...
2025-06-11 20:50:41,516 - SimpleVolatilitySystem - INFO - Testing data fetch for AAPL...
2025-06-11 20:50:41,821 - SimpleVolatilitySystem - INFO - + Current AAPL price: $189.86
2025-06-11 20:50:42,052 - SimpleVolatilitySystem - INFO - + Fetched 574 options contracts for AAPL
2025-06-11 20:50:42,053 - SimpleVolatilitySystem - INFO - + AAPL: Updated successfully (574 contracts)
2025-06-11 20:50:42,054 - SimpleVolatilitySystem - INFO - Waiting 30 seconds...
2025-06-11 20:51:12,055 - SimpleVolatilitySystem - INFO - Testing data fetch for AAPL...
2025-06-11 20:51:12,256 - SimpleVolatilitySystem - INFO - + Current AAPL price: $191.14
2025-06-11 20:51:12,405 - SimpleVolatilitySystem - INFO - + Fetched 574 options contracts for AAPL
2025-06-11 20:51:12,406 - SimpleVolatilitySystem - INFO - + AAPL: Updated successfully (574 contracts)
2025-06-11 20:51:12,406 - SimpleVolatilitySystem - INFO - Waiting 30 seconds...
2025-06-11 20:51:42,408 - SimpleVolatilitySystem - INFO - Testing data fetch for AAPL...
2025-06-11 20:51:42,658 - SimpleVolatilitySystem - INFO - + Current AAPL price: $189.96
2025-06-11 20:51:42,943 - SimpleVolatilitySystem - INFO - + Fetched 574 options contracts for AAPL
2025-06-11 20:51:42,944 - SimpleVolatilitySystem - INFO - + AAPL: Updated successfully (574 contracts)
2025-06-11 20:51:42,944 - SimpleVolatilitySystem - INFO - Waiting 30 seconds...
2025-06-11 20:52:12,946 - SimpleVolatilitySystem - INFO - Testing data fetch for AAPL...
2025-06-11 20:52:13,066 - SimpleVolatilitySystem - INFO - + Current AAPL price: $188.14
2025-06-11 20:52:13,296 - SimpleVolatilitySystem - INFO - + Fetched 574 options contracts for AAPL
2025-06-11 20:52:13,297 - SimpleVolatilitySystem - INFO - + AAPL: Updated successfully (574 contracts)
2025-06-11 20:52:13,297 - SimpleVolatilitySystem - INFO - Waiting 30 seconds...
2025-06-11 20:52:43,299 - SimpleVolatilitySystem - INFO - Testing data fetch for AAPL...
2025-06-11 20:52:43,519 - SimpleVolatilitySystem - INFO - + Current AAPL price: $189.56
2025-06-11 20:52:43,762 - SimpleVolatilitySystem - INFO - + Fetched 574 options contracts for AAPL
2025-06-11 20:52:43,762 - SimpleVolatilitySystem - INFO - + AAPL: Updated successfully (574 contracts)
2025-06-11 20:52:43,762 - SimpleVolatilitySystem - INFO - Waiting 30 seconds...
2025-06-11 20:53:13,766 - SimpleVolatilitySystem - INFO - Testing data fetch for AAPL...
2025-06-11 20:53:13,869 - SimpleVolatilitySystem - INFO - + Current AAPL price: $188.55
2025-06-11 20:53:14,021 - SimpleVolatilitySystem - INFO - + Fetched 574 options contracts for AAPL
2025-06-11 20:53:14,022 - SimpleVolatilitySystem - INFO - + AAPL: Updated successfully (574 contracts)
2025-06-11 20:53:14,022 - SimpleVolatilitySystem - INFO - Waiting 30 seconds...
2025-06-11 20:53:44,024 - SimpleVolatilitySystem - INFO - Testing data fetch for AAPL...
2025-06-11 20:53:44,144 - SimpleVolatilitySystem - INFO - + Current AAPL price: $190.26
2025-06-11 20:53:44,392 - SimpleVolatilitySystem - INFO - + Fetched 574 options contracts for AAPL
2025-06-11 20:53:44,392 - SimpleVolatilitySystem - INFO - + AAPL: Updated successfully (574 contracts)
2025-06-11 20:53:44,392 - SimpleVolatilitySystem - INFO - Waiting 30 seconds...
2025-06-11 20:54:14,395 - SimpleVolatilitySystem - INFO - Testing data fetch for AAPL...
2025-06-11 20:54:14,596 - SimpleVolatilitySystem - INFO - + Current AAPL price: $187.76
2025-06-11 20:54:14,729 - SimpleVolatilitySystem - INFO - + Fetched 574 options contracts for AAPL
2025-06-11 20:54:14,729 - SimpleVolatilitySystem - INFO - + AAPL: Updated successfully (574 contracts)
2025-06-11 20:54:14,730 - SimpleVolatilitySystem - INFO - Waiting 30 seconds...
2025-06-11 20:54:44,731 - SimpleVolatilitySystem - INFO - Testing data fetch for AAPL...
2025-06-11 20:54:44,940 - SimpleVolatilitySystem - INFO - + Current AAPL price: $193.66
2025-06-11 20:54:45,155 - SimpleVolatilitySystem - INFO - + Fetched 574 options contracts for AAPL
2025-06-11 20:54:45,155 - SimpleVolatilitySystem - INFO - + AAPL: Updated successfully (574 contracts)
2025-06-11 20:54:45,155 - SimpleVolatilitySystem - INFO - Waiting 30 seconds...
2025-06-11 20:55:15,157 - SimpleVolatilitySystem - INFO - Testing data fetch for AAPL...
2025-06-11 20:55:15,358 - SimpleVolatilitySystem - INFO - + Current AAPL price: $192.53
2025-06-11 20:55:15,498 - SimpleVolatilitySystem - INFO - + Fetched 574 options contracts for AAPL
2025-06-11 20:55:15,498 - SimpleVolatilitySystem - INFO - + AAPL: Updated successfully (574 contracts)
2025-06-11 20:55:15,498 - SimpleVolatilitySystem - INFO - Waiting 30 seconds...
2025-06-11 20:55:45,500 - SimpleVolatilitySystem - INFO - Testing data fetch for AAPL...
2025-06-11 20:55:45,680 - SimpleVolatilitySystem - INFO - + Current AAPL price: $187.72
2025-06-11 20:55:45,836 - SimpleVolatilitySystem - INFO - + Fetched 574 options contracts for AAPL
2025-06-11 20:55:45,837 - SimpleVolatilitySystem - INFO - + AAPL: Updated successfully (574 contracts)
2025-06-11 20:55:45,839 - SimpleVolatilitySystem - INFO - Waiting 30 seconds...
2025-06-11 20:56:15,840 - SimpleVolatilitySystem - INFO - Testing data fetch for AAPL...
2025-06-11 20:56:16,043 - SimpleVolatilitySystem - INFO - + Current AAPL price: $190.62
2025-06-11 20:56:16,263 - SimpleVolatilitySystem - INFO - + Fetched 574 options contracts for AAPL
2025-06-11 20:56:16,263 - SimpleVolatilitySystem - INFO - + AAPL: Updated successfully (574 contracts)
2025-06-11 20:56:16,264 - SimpleVolatilitySystem - INFO - Waiting 30 seconds...
2025-06-11 20:56:46,265 - SimpleVolatilitySystem - INFO - Testing data fetch for AAPL...
2025-06-11 20:56:46,547 - SimpleVolatilitySystem - INFO - + Current AAPL price: $192.78
2025-06-11 20:56:46,770 - SimpleVolatilitySystem - INFO - + Fetched 574 options contracts for AAPL
2025-06-11 20:56:46,771 - SimpleVolatilitySystem - INFO - + AAPL: Updated successfully (574 contracts)
2025-06-11 20:56:46,771 - SimpleVolatilitySystem - INFO - Waiting 30 seconds...
2025-06-11 20:57:16,773 - SimpleVolatilitySystem - INFO - Testing data fetch for AAPL...
2025-06-11 20:57:16,993 - SimpleVolatilitySystem - INFO - + Current AAPL price: $191.88
2025-06-11 20:57:17,225 - SimpleVolatilitySystem - INFO - + Fetched 574 options contracts for AAPL
2025-06-11 20:57:17,226 - SimpleVolatilitySystem - INFO - + AAPL: Updated successfully (574 contracts)
2025-06-11 20:57:17,227 - SimpleVolatilitySystem - INFO - Waiting 30 seconds...
2025-06-11 20:57:47,228 - SimpleVolatilitySystem - INFO - Testing data fetch for AAPL...
2025-06-11 20:57:47,408 - SimpleVolatilitySystem - INFO - + Current AAPL price: $188.86
2025-06-11 20:57:47,629 - SimpleVolatilitySystem - INFO - + Fetched 574 options contracts for AAPL
2025-06-11 20:57:47,629 - SimpleVolatilitySystem - INFO - + AAPL: Updated successfully (574 contracts)
2025-06-11 20:57:47,629 - SimpleVolatilitySystem - INFO - Waiting 30 seconds...
2025-06-11 20:58:17,634 - SimpleVolatilitySystem - INFO - Testing data fetch for AAPL...
2025-06-11 20:58:17,857 - SimpleVolatilitySystem - INFO - + Current AAPL price: $188.83
2025-06-11 20:58:18,020 - SimpleVolatilitySystem - INFO - + Fetched 574 options contracts for AAPL
2025-06-11 20:58:18,021 - SimpleVolatilitySystem - INFO - + AAPL: Updated successfully (574 contracts)
2025-06-11 20:58:18,021 - SimpleVolatilitySystem - INFO - Waiting 30 seconds...
2025-06-11 20:58:48,022 - SimpleVolatilitySystem - INFO - Testing data fetch for AAPL...
2025-06-11 20:58:48,143 - SimpleVolatilitySystem - INFO - + Current AAPL price: $190.03
2025-06-11 20:58:48,358 - SimpleVolatilitySystem - INFO - + Fetched 574 options contracts for AAPL
2025-06-11 20:58:48,358 - SimpleVolatilitySystem - INFO - + AAPL: Updated successfully (574 contracts)
2025-06-11 20:58:48,359 - SimpleVolatilitySystem - INFO - Waiting 30 seconds...
2025-06-11 20:59:18,360 - SimpleVolatilitySystem - INFO - Testing data fetch for AAPL...
2025-06-11 20:59:18,478 - SimpleVolatilitySystem - INFO - + Current AAPL price: $191.34
2025-06-11 20:59:18,694 - SimpleVolatilitySystem - INFO - + Fetched 574 options contracts for AAPL
2025-06-11 20:59:18,694 - SimpleVolatilitySystem - INFO - + AAPL: Updated successfully (574 contracts)
2025-06-11 20:59:18,694 - SimpleVolatilitySystem - INFO - Waiting 30 seconds...
2025-06-11 20:59:48,704 - SimpleVolatilitySystem - INFO - Testing data fetch for AAPL...
2025-06-11 20:59:48,907 - SimpleVolatilitySystem - INFO - + Current AAPL price: $189.96
2025-06-11 20:59:49,027 - SimpleVolatilitySystem - INFO - + Fetched 574 options contracts for AAPL
2025-06-11 20:59:49,027 - SimpleVolatilitySystem - INFO - + AAPL: Updated successfully (574 contracts)
2025-06-11 20:59:49,027 - SimpleVolatilitySystem - INFO - Waiting 30 seconds...
2025-06-11 21:00:19,040 - SimpleVolatilitySystem - INFO - Testing data fetch for AAPL...
2025-06-11 21:00:19,251 - SimpleVolatilitySystem - INFO - + Current AAPL price: $189.32
2025-06-11 21:00:19,466 - SimpleVolatilitySystem - INFO - + Fetched 574 options contracts for AAPL
2025-06-11 21:00:19,466 - SimpleVolatilitySystem - INFO - + AAPL: Updated successfully (574 contracts)
2025-06-11 21:00:19,467 - SimpleVolatilitySystem - INFO - Waiting 30 seconds...
2025-06-11 21:00:49,469 - SimpleVolatilitySystem - INFO - Testing data fetch for AAPL...
2025-06-11 21:00:49,666 - SimpleVolatilitySystem - INFO - + Current AAPL price: $188.51
2025-06-11 21:00:49,824 - SimpleVolatilitySystem - INFO - + Fetched 574 options contracts for AAPL
2025-06-11 21:00:49,824 - SimpleVolatilitySystem - INFO - + AAPL: Updated successfully (574 contracts)
2025-06-11 21:00:49,824 - SimpleVolatilitySystem - INFO - Waiting 30 seconds...
2025-06-11 21:00:52,524 - SimpleVolatilitySystem - INFO - + Monitoring stopped by user
2025-06-11 21:06:26,823 - __main__ - INFO - + Config imported successfully
2025-06-11 21:06:26,823 - __main__ - INFO - + Alpha Vantage API key configured: True
2025-06-11 21:06:26,823 - SimpleVolatilitySystem - INFO - + Discovering available components...
2025-06-11 21:06:28,661 - SimpleVolatilitySystem - INFO -   + api_client (OptionsDataClient) available
2025-06-11 21:06:28,661 - SimpleVolatilitySystem - INFO -   + data_manager (DataManager) available
2025-06-11 21:06:29,680 - SimpleVolatilitySystem - INFO -   + black_scholes (BlackScholesModel) available
2025-06-11 21:06:29,680 - SimpleVolatilitySystem - INFO -   + implied_vol (ImpliedVolatilityCalculator) available
2025-06-11 21:06:29,696 - SimpleVolatilitySystem - INFO -   + vol_surface (VolatilitySurface) available
2025-06-11 21:06:30,914 - SimpleVolatilitySystem - INFO -   + portfolio_analytics (PortfolioAnalytics) available
2025-06-11 21:06:30,931 - SimpleVolatilitySystem - INFO -   + stream_processor (StreamProcessor) available
2025-06-11 21:06:30,931 - SimpleVolatilitySystem - INFO - Available components: 7/7
2025-06-11 21:06:30,931 - SimpleVolatilitySystem - INFO - Initializing API client for monitoring...
2025-06-11 21:06:31,335 - src.data.api_client - INFO - ✅ yfinance working - using REAL stock prices!
2025-06-11 21:06:31,335 - src.data.api_client - INFO - 📊 OptionsDataClient initialized with yfinance
2025-06-11 21:06:31,335 - SimpleVolatilitySystem - INFO - + API Client initialized
2025-06-11 21:06:31,335 - SimpleVolatilitySystem - INFO - + Starting basic monitoring for ['AAPL']...
2025-06-11 21:06:31,335 - SimpleVolatilitySystem - INFO - Testing data fetch for AAPL...
2025-06-11 21:06:31,447 - src.data.api_client - INFO - ✅ REAL price for AAPL: $198.85 (from history)
2025-06-11 21:06:31,447 - SimpleVolatilitySystem - INFO - + Current AAPL price: $198.85
2025-06-11 21:06:31,447 - src.data.api_client - INFO - 🔍 Trying to fetch REAL options data for AAPL...
2025-06-11 21:06:31,548 - src.data.api_client - INFO - ✅ Found 21 expiration dates for AAPL
2025-06-11 21:06:32,816 - src.data.api_client - INFO - ✅ Got 426 REAL options contracts for AAPL
2025-06-11 21:06:32,816 - SimpleVolatilitySystem - INFO - + Fetched 426 options contracts for AAPL
2025-06-11 21:06:32,816 - SimpleVolatilitySystem - INFO - + AAPL: Updated successfully (426 contracts)
2025-06-11 21:06:32,831 - SimpleVolatilitySystem - INFO - Waiting 30 seconds...
2025-06-11 21:07:02,833 - SimpleVolatilitySystem - INFO - Testing data fetch for AAPL...
2025-06-11 21:07:02,833 - SimpleVolatilitySystem - INFO - + Current AAPL price: $198.85
2025-06-11 21:07:02,834 - src.data.api_client - INFO - 🔍 Trying to fetch REAL options data for AAPL...
2025-06-11 21:07:02,921 - src.data.api_client - INFO - ✅ Found 21 expiration dates for AAPL
2025-06-11 21:07:04,211 - src.data.api_client - INFO - ✅ Got 426 REAL options contracts for AAPL
2025-06-11 21:07:04,211 - SimpleVolatilitySystem - INFO - + Fetched 426 options contracts for AAPL
2025-06-11 21:07:04,211 - SimpleVolatilitySystem - INFO - + AAPL: Updated successfully (426 contracts)
2025-06-11 21:07:04,211 - SimpleVolatilitySystem - INFO - Waiting 30 seconds...
2025-06-11 21:07:34,219 - SimpleVolatilitySystem - INFO - Testing data fetch for AAPL...
2025-06-11 21:07:34,220 - SimpleVolatilitySystem - INFO - + Current AAPL price: $198.85
2025-06-11 21:07:34,221 - src.data.api_client - INFO - 🔍 Trying to fetch REAL options data for AAPL...
2025-06-11 21:07:34,310 - src.data.api_client - INFO - ✅ Found 21 expiration dates for AAPL
2025-06-11 21:07:35,628 - src.data.api_client - INFO - ✅ Got 426 REAL options contracts for AAPL
2025-06-11 21:07:35,628 - SimpleVolatilitySystem - INFO - + Fetched 426 options contracts for AAPL
2025-06-11 21:07:35,628 - SimpleVolatilitySystem - INFO - + AAPL: Updated successfully (426 contracts)
2025-06-11 21:07:35,628 - SimpleVolatilitySystem - INFO - Waiting 30 seconds...
2025-06-11 21:07:41,026 - SimpleVolatilitySystem - INFO - + Monitoring stopped by user
